Determining if the pthread_create exist failed with the following output:
Change Dir: /home/s/CLionProjects/UdpService/cmake-build-debug/CMakeFiles/CMakeTmp

Run Build Command:"/usr/bin/make" "cmTC_cffbf/fast"
/usr/bin/make -f CMakeFiles/cmTC_cffbf.dir/build.make CMakeFiles/cmTC_cffbf.dir/build
make[1]: 进入目录“/home/s/CLionProjects/UdpService/cmake-build-debug/CMakeFiles/CMakeTmp”
Building C object CMakeFiles/cmTC_cffbf.dir/CheckSymbolExists.c.o
/usr/bin/cc   -std=gnu99 -o CMakeFiles/cmTC_cffbf.dir/CheckSymbolExists.c.o   -c /home/s/CLionProjects/UdpService/cmake-build-debug/CMakeFiles/CMakeTmp/CheckSymbolExists.c
Linking C executable cmTC_cffbf
/usr/bin/cmake -E cmake_link_script CMakeFiles/cmTC_cffbf.dir/link.txt --verbose=1
/usr/bin/cc      CMakeFiles/cmTC_cffbf.dir/CheckSymbolExists.c.o  -o cmTC_cffbf 
/usr/bin/ld: CMakeFiles/cmTC_cffbf.dir/CheckSymbolExists.c.o: in function `main':
CheckSymbolExists.c:(.text+0x1b): undefined reference to `pthread_create'
collect2: 错误：ld 返回 1
make[1]: *** [CMakeFiles/cmTC_cffbf.dir/build.make:87：cmTC_cffbf] 错误 1
make[1]: 离开目录“/home/s/CLionProjects/UdpService/cmake-build-debug/CMakeFiles/CMakeTmp”
make: *** [Makefile:121：cmTC_cffbf/fast] 错误 2

File /home/s/CLionProjects/UdpService/cmake-build-debug/CMakeFiles/CMakeTmp/CheckSymbolExists.c:
/* */
#include <pthread.h>

int main(int argc, char** argv)
{
  (void)argv;
#ifndef pthread_create
  return ((int*)(&pthread_create))[argc];
#else
  (void)argc;
  return 0;
#endif
}

Determining if the function pthread_create exists in the pthreads failed with the following output:
Change Dir: /home/s/CLionProjects/UdpService/cmake-build-debug/CMakeFiles/CMakeTmp

Run Build Command:"/usr/bin/make" "cmTC_4247f/fast"
/usr/bin/make -f CMakeFiles/cmTC_4247f.dir/build.make CMakeFiles/cmTC_4247f.dir/build
make[1]: 进入目录“/home/s/CLionProjects/UdpService/cmake-build-debug/CMakeFiles/CMakeTmp”
Building C object CMakeFiles/cmTC_4247f.dir/CheckFunctionExists.c.o
/usr/bin/cc   -DCHECK_FUNCTION_EXISTS=pthread_create   -std=gnu99 -o CMakeFiles/cmTC_4247f.dir/CheckFunctionExists.c.o   -c /usr/share/cmake-3.13/Modules/CheckFunctionExists.c
Linking C executable cmTC_4247f
/usr/bin/cmake -E cmake_link_script CMakeFiles/cmTC_4247f.dir/link.txt --verbose=1
/usr/bin/cc  -DCHECK_FUNCTION_EXISTS=pthread_create    CMakeFiles/cmTC_4247f.dir/CheckFunctionExists.c.o  -o cmTC_4247f -lpthreads 
/usr/bin/ld: 找不到 -lpthreads
collect2: 错误：ld 返回 1
make[1]: *** [CMakeFiles/cmTC_4247f.dir/build.make:87：cmTC_4247f] 错误 1
make[1]: 离开目录“/home/s/CLionProjects/UdpService/cmake-build-debug/CMakeFiles/CMakeTmp”
make: *** [Makefile:121：cmTC_4247f/fast] 错误 2


